<?xml version="1.0" encoding="UTF-8"?>
<testsuite name="tests.LoginTest" tests="4" skipped="0" failures="0" errors="0" timestamp="2023-07-20T17:30:35" hostname="ELENA" time="19.247">
  <properties/>
  <testcase name="loginNegativeTestWrongEmail" classname="tests.LoginTest" time="3.147"/>
  <testcase name="loginNegativeTestWrongPassword" classname="tests.LoginTest" time="2.894"/>
  <testcase name="loginPositiveTest" classname="tests.LoginTest" time="1.494"/>
  <testcase name="loginPositiveTestUserProp" classname="tests.LoginTest" time="1.337"/>
  <system-out><![CDATA[Wrong email or password
Wrong email or password
]]></system-out>
  <system-err><![CDATA[console.warn: LoginRecipes: "Falling back to a synchronous message for: https://telranedu.web.app."
console.warn: LoginRecipes: "Falling back to a synchronous message for: https://telranedu.web.app."
console.warn: LoginRecipes: "Falling back to a synchronous message for: https://telranedu.web.app."
]]></system-err>
</testsuite>
